Wed Dec 04 16:26:15 CST 2019  [debug] AvalonLogSystem initialized using logfile 'C:\Data\MyEclipse 2017 CI\.metadata\.plugins\com.genuitec.eclipse.templates\velocity.log'
Wed Dec 04 16:26:15 CST 2019   [info] ************************************************************** 
Wed Dec 04 16:26:15 CST 2019   [info] Starting Jakarta Velocity v1.4
Wed Dec 04 16:26:15 CST 2019   [info] RuntimeInstance initializing.
Wed Dec 04 16:26:15 CST 2019   [info] Default Properties File: org\apache\velocity\runtime\defaults\velocity.properties
Wed Dec 04 16:26:15 CST 2019   [info] Trying to use logger class org.apache.velocity.runtime.log.AvalonLogSystem
Wed Dec 04 16:26:15 CST 2019   [info] Using logger class org.apache.velocity.runtime.log.AvalonLogSystem
Wed Dec 04 16:26:15 CST 2019   [info] Default ResourceManager initializing. (class org.apache.velocity.runtime.resource.ResourceManagerImpl)
Wed Dec 04 16:26:15 CST 2019   [info] Resource Loader Instantiated: com.genuitec.eclipse.templates.internal.PluginResourceLoader
Wed Dec 04 16:26:15 CST 2019   [info] ResourceCache : initialized. (class org.apache.velocity.runtime.resource.ResourceCacheImpl)
Wed Dec 04 16:26:15 CST 2019   [info] Default ResourceManager initialization complete.
Wed Dec 04 16:26:15 CST 2019   [info] Loaded System Directive: org.apache.velocity.runtime.directive.Literal
Wed Dec 04 16:26:15 CST 2019   [info] Loaded System Directive: org.apache.velocity.runtime.directive.Macro
Wed Dec 04 16:26:15 CST 2019   [info] Loaded System Directive: org.apache.velocity.runtime.directive.Parse
Wed Dec 04 16:26:15 CST 2019   [info] Loaded System Directive: org.apache.velocity.runtime.directive.Include
Wed Dec 04 16:26:15 CST 2019   [info] Loaded System Directive: org.apache.velocity.runtime.directive.Foreach
Wed Dec 04 16:26:15 CST 2019   [info] Created: 20 parsers.
Wed Dec 04 16:26:15 CST 2019   [info] Velocimacro : initialization starting.
Wed Dec 04 16:26:15 CST 2019   [info] Velocimacro : adding VMs from VM library template : VM_global_library.vm
Wed Dec 04 16:26:15 CST 2019   [info] ResourceManager : found VM_global_library.vm with loader com.genuitec.eclipse.templates.internal.PluginResourceLoader
Wed Dec 04 16:26:15 CST 2019   [info] Velocimacro :  VM library template macro registration complete.
Wed Dec 04 16:26:15 CST 2019   [info] Velocimacro : allowInline = true : VMs can be defined inline in templates
Wed Dec 04 16:26:15 CST 2019   [info] Velocimacro : allowInlineToOverride = true : VMs defined inline may replace previous VM definitions
Wed Dec 04 16:26:15 CST 2019   [info] Velocimacro : allowInlineLocal = true : VMs defined inline will be local to their defining template only.
Wed Dec 04 16:26:15 CST 2019   [info] Velocimacro : messages on  : VM system will output logging messages
Wed Dec 04 16:26:15 CST 2019   [info] Velocimacro : autoload off  : VM system will not automatically reload global library macros
Wed Dec 04 16:26:15 CST 2019   [info] Velocimacro : initialization complete.
Wed Dec 04 16:26:15 CST 2019   [info] Velocity successfully started.
Wed Dec 04 16:26:15 CST 2019   [info] ResourceManager : found /templates/velocity/welcome/Jsp.vtl with loader com.genuitec.eclipse.templates.internal.PluginResourceLoader
